INFO  | 2021-06-09 12:58:18 | [main] driver.Driver (Driver.java:276) - Program Started.
INFO  | 2021-06-09 13:00:17 | [main] driver.Driver (Driver.java:276) - Program Started.
INFO  | 2021-06-09 13:00:34 | [main] driver.Driver (Driver.java:276) - Program Started.
INFO  | 2021-06-09 13:05:35 | [main] driver.Driver (Driver.java:276) - Program Started.
INFO  | 2021-06-09 13:06:46 | [main] driver.Driver (Driver.java:276) - Program Started.
INFO  | 2021-06-09 13:08:23 | [main] driver.Driver (Driver.java:276) - Program Started.
INFO  | 2021-06-09 13:08:32 | [main] driver.Driver (Driver.java:276) - Program Started.
INFO  | 2021-06-09 13:42:17 | [main] driver.Driver (Driver.java:276) - Program Started.
INFO  | 2021-06-09 13:42:30 | [main] driver.Driver (Driver.java:142) - Customer employee_dummy logged in.
ERROR | 2021-06-09 13:42:38 | [main] driver.Driver (Driver.java:47) - printAccounts: customer null
INFO  | 2021-06-09 13:42:57 | [main] driver.Driver (Driver.java:207) - Customer employee_dummy logged out.
INFO  | 2021-06-09 13:43:19 | [main] driver.Driver (Driver.java:276) - Program Started.
INFO  | 2021-06-09 13:43:38 | [main] driver.Driver (Driver.java:152) - Customer bob has signed up.
INFO  | 2021-06-09 13:43:51 | [main] driver.Driver (Driver.java:207) - Customer bob logged out.
INFO  | 2021-06-09 13:44:22 | [main] driver.Driver (Driver.java:142) - Customer employee_dummy logged in.
INFO  | 2021-06-09 13:44:29 | [main] driver.Driver (Driver.java:207) - Customer employee_dummy logged out.
INFO  | 2021-06-09 14:06:36 | [main] driver.Driver (Driver.java:276) - Program Started.INFO  | 2021-06-10 10:49:50 | [main] driver.Driver (Driver.java:28) - Program Started.INFO  | 2021-06-10 12:14:07 | [main] driver.Driver (Driver.java:28) - Program Started.
INFO  | 2021-06-10 12:14:23 | [main] driver.Driver (Driver.java:165) - Customer hector has signed up.
INFO  | 2021-06-10 12:15:14 | [main] driver.Driver (Driver.java:210) - Customer hector logged out.
INFO  | 2021-06-10 12:15:25 | [main] driver.Driver (Driver.java:155) - Customer employee_dummy logged in.
INFO  | 2021-06-10 12:15:52 | [main] driver.Driver (Driver.java:210) - Customer employee_dummy logged out.
INFO  | 2021-06-10 12:15:57 | [main] driver.Driver (Driver.java:155) - Customer hector logged in.
INFO  | 2021-06-10 12:16:34 | [main] services.AccountServiceImpl (AccountServiceImpl.java:87) - Customer hector withdrew $1000.00 from account 3.
INFO  | 2021-06-10 12:16:52 | [main] services.AccountServiceImpl (AccountServiceImpl.java:182) - Customer hector transferred $1000.00 from account 3 to account 4.
INFO  | 2021-06-10 12:17:04 | [main] driver.Driver (Driver.java:210) - Customer hector logged out.
INFO  | 2021-06-10 12:17:16 | [main] driver.Driver (Driver.java:155) - Customer employee_dummy logged in.
INFO  | 2021-06-10 12:24:17 | [main] driver.Driver (Driver.java:28) - Program Started.
INFO  | 2021-06-10 12:24:32 | [main] driver.Driver (Driver.java:155) - Customer employee_dummy logged in.
INFO  | 2021-06-10 12:28:11 | [main] driver.Driver (Driver.java:28) - Program Started.
INFO  | 2021-06-10 12:28:42 | [main] driver.Driver (Driver.java:155) - Customer employee_dummy logged in.
